<?xml version="1.0" encoding="UTF-8"?>
<!-- Generated by org.testng.reporters.JUnitReportReporter -->
<testsuite skipped="0" hostname="DTBLR01LP21" name="basic.TakeSpecificScreenshot" tests="1" failures="0" timestamp="04 Jul 2023 06:36:22 GMT" time="11.799" errors="0">
  <testcase name="image" time="11.799" classname="basic.TakeSpecificScreenshot"/>
</testsuite> <!-- basic.TakeSpecificScreenshot -->
