<?xml version="1.0" encoding="UTF-8"?>
<!-- Generated by org.testng.reporters.JUnitReportReporter -->
<testsuite skipped="0" hostname="DTBLR01LP21" name="basic.Screenshot" tests="1" failures="0" timestamp="05 Jul 2023 05:55:13 GMT" time="9.750" errors="0">
  <testcase name="getScreenshot" time="9.750" classname="basic.Screenshot"/>
</testsuite> <!-- basic.Screenshot -->
