<?xml version="1.0" encoding="UTF-8"?>
<!-- Generated by org.testng.reporters.JUnitReportReporter -->
<testsuite skipped="0" hostname="DTBLR01LP21" name="basic.CreateAndDeleteScreenshot" tests="1" failures="0" timestamp="05 Jul 2023 05:57:53 GMT" time="11.115" errors="0">
  <testcase name="screenshot" time="11.115" classname="basic.CreateAndDeleteScreenshot"/>
</testsuite> <!-- basic.CreateAndDeleteScreenshot -->
