<?xml version="1.0" encoding="UTF-8"?>
<!-- Generated by org.testng.reporters.JUnitReportReporter -->
<testsuite skipped="0" hostname="DTBLR01LP21" name="basic.Demo" tests="1" failures="0" timestamp="13 Mar 2023 10:49:01 GMT" time="14.787" errors="0">
  <testcase name="verifyHomepageTitle" time="14.787" classname="basic.Demo"/>
</testsuite> <!-- basic.Demo -->
